INFO 2018-12-13 22:05:30,403 apps.attribute.apps.ready:16 - AttributeConfig
INFO 2018-12-13 22:05:30,404 apps.data_graph.apps.ready:12 - DataGraphConfig
INFO 2018-12-13 22:05:30,472 apps.attribute_elastic.apps.ready:15 - AttributeElasticConfig
INFO 2018-12-13 22:05:30,472 apps.tests.apps.ready:15 - TestsConfig
INFO 2018-12-13 22:06:17,254 apps.attribute.apps.ready:16 - AttributeConfig
INFO 2018-12-13 22:06:17,255 apps.data_graph.apps.ready:12 - DataGraphConfig
INFO 2018-12-13 22:06:17,287 apps.attribute_elastic.apps.ready:15 - AttributeElasticConfig
INFO 2018-12-13 22:06:17,288 apps.tests.apps.ready:15 - TestsConfig
INFO 2018-12-13 22:10:25,865 apps.attribute.apps.ready:16 - AttributeConfig
INFO 2018-12-13 22:10:25,866 apps.data_graph.apps.ready:12 - DataGraphConfig
INFO 2018-12-13 22:10:25,933 apps.attribute_elastic.apps.ready:15 - AttributeElasticConfig
INFO 2018-12-13 22:10:25,933 apps.tests.apps.ready:15 - TestsConfig
INFO 2018-12-13 22:14:31,113 apps.attribute.apps.ready:16 - AttributeConfig
INFO 2018-12-13 22:14:31,115 apps.data_graph.apps.ready:12 - DataGraphConfig
INFO 2018-12-13 22:14:31,169 apps.attribute_elastic.apps.ready:15 - AttributeElasticConfig
INFO 2018-12-13 22:14:31,170 apps.tests.apps.ready:15 - TestsConfig
INFO 2018-12-13 22:15:35,008 apps.attribute.apps.ready:16 - AttributeConfig
INFO 2018-12-13 22:15:35,012 apps.data_graph.apps.ready:12 - DataGraphConfig
INFO 2018-12-13 22:15:35,205 apps.attribute_elastic.apps.ready:15 - AttributeElasticConfig
INFO 2018-12-13 22:15:35,208 apps.tests.apps.ready:15 - TestsConfig
INFO 2018-12-13 22:16:09,055 apps.attribute.apps.ready:16 - AttributeConfig
INFO 2018-12-13 22:16:09,068 apps.data_graph.apps.ready:12 - DataGraphConfig
INFO 2018-12-13 22:16:09,114 apps.attribute_elastic.apps.ready:15 - AttributeElasticConfig
INFO 2018-12-13 22:16:09,119 apps.tests.apps.ready:15 - TestsConfig
INFO 2018-12-13 22:16:22,263 apps.data_graph.signals.post_save_handler:21 - admin
INFO 2018-12-13 22:16:22,279 apps.data_graph.signals.post_save_handler:29 - Copying model templates {'status': 'success', 'message': 'created: 0, failed: 0'} 
INFO 2018-12-13 22:16:22,294 apps.data_graph.signals.post_save_handler:35 - Copying relation templates {'status': 'success', 'message': 'created: 0, failed: 0'} 
INFO 2018-12-13 22:18:17,808 apps.attribute.apps.ready:16 - AttributeConfig
INFO 2018-12-13 22:18:17,809 apps.data_graph.apps.ready:12 - DataGraphConfig
INFO 2018-12-13 22:18:17,868 apps.attribute_elastic.apps.ready:15 - AttributeElasticConfig
INFO 2018-12-13 22:18:17,868 apps.tests.apps.ready:15 - TestsConfig
INFO 2018-12-13 22:18:37,670 apps.data_graph.signals.post_save_handler:21 - admin
INFO 2018-12-13 22:18:37,670 apps.data_graph.signals.post_save_handler:38 - update
INFO 2018-12-13 23:17:00,354 apps.attribute.apps.ready:16 - AttributeConfig
INFO 2018-12-13 23:17:00,354 apps.data_graph.apps.ready:12 - DataGraphConfig
INFO 2018-12-13 23:17:00,423 apps.attribute_elastic.apps.ready:15 - AttributeElasticConfig
INFO 2018-12-13 23:17:00,424 apps.tests.apps.ready:15 - TestsConfig
INFO 2018-12-13 23:20:51,059 apps.attribute.apps.ready:16 - AttributeConfig
INFO 2018-12-13 23:20:51,064 apps.data_graph.apps.ready:12 - DataGraphConfig
INFO 2018-12-13 23:20:51,103 apps.attribute_elastic.apps.ready:15 - AttributeElasticConfig
INFO 2018-12-13 23:20:51,104 apps.tests.apps.ready:15 - TestsConfig
INFO 2018-12-13 23:22:52,568 apps.attribute.apps.ready:16 - AttributeConfig
INFO 2018-12-13 23:22:52,572 apps.data_graph.apps.ready:12 - DataGraphConfig
INFO 2018-12-13 23:22:52,646 apps.attribute_elastic.apps.ready:15 - AttributeElasticConfig
INFO 2018-12-13 23:22:52,648 apps.tests.apps.ready:15 - TestsConfig
INFO 2018-12-13 23:28:47,780 apps.attribute.apps.ready:16 - AttributeConfig
INFO 2018-12-13 23:28:47,783 apps.data_graph.apps.ready:12 - DataGraphConfig
INFO 2018-12-13 23:28:47,846 apps.attribute_elastic.apps.ready:15 - AttributeElasticConfig
INFO 2018-12-13 23:28:47,847 apps.tests.apps.ready:15 - TestsConfig
INFO 2018-12-13 23:31:15,935 apps.attribute.apps.ready:16 - AttributeConfig
INFO 2018-12-13 23:31:15,936 apps.data_graph.apps.ready:12 - DataGraphConfig
INFO 2018-12-13 23:31:16,025 apps.attribute_elastic.apps.ready:15 - AttributeElasticConfig
INFO 2018-12-13 23:31:16,030 apps.tests.apps.ready:15 - TestsConfig
INFO 2018-12-13 23:34:33,131 apps.attribute.apps.ready:16 - AttributeConfig
INFO 2018-12-13 23:34:33,133 apps.data_graph.apps.ready:12 - DataGraphConfig
INFO 2018-12-13 23:34:33,219 apps.attribute_elastic.apps.ready:15 - AttributeElasticConfig
INFO 2018-12-13 23:34:33,220 apps.tests.apps.ready:15 - TestsConfig
INFO 2018-12-13 23:34:39,095 apps.attribute.apps.ready:16 - AttributeConfig
INFO 2018-12-13 23:34:39,096 apps.data_graph.apps.ready:12 - DataGraphConfig
INFO 2018-12-13 23:34:39,125 apps.attribute_elastic.apps.ready:15 - AttributeElasticConfig
INFO 2018-12-13 23:34:39,126 apps.tests.apps.ready:15 - TestsConfig
INFO 2018-12-13 23:34:40,383 apps.attribute.apps.ready:16 - AttributeConfig
INFO 2018-12-13 23:34:40,383 apps.data_graph.apps.ready:12 - DataGraphConfig
INFO 2018-12-13 23:34:40,421 apps.attribute_elastic.apps.ready:15 - AttributeElasticConfig
INFO 2018-12-13 23:34:40,421 apps.tests.apps.ready:15 - TestsConfig
INFO 2018-12-13 23:46:18,762 apps.attribute.apps.ready:16 - AttributeConfig
INFO 2018-12-13 23:46:18,764 apps.data_graph.apps.ready:12 - DataGraphConfig
INFO 2018-12-13 23:46:18,840 apps.attribute_elastic.apps.ready:15 - AttributeElasticConfig
INFO 2018-12-13 23:46:18,844 apps.tests.apps.ready:15 - TestsConfig
INFO 2018-12-13 23:46:24,995 apps.attribute.apps.ready:16 - AttributeConfig
INFO 2018-12-13 23:46:24,996 apps.data_graph.apps.ready:12 - DataGraphConfig
INFO 2018-12-13 23:46:25,031 apps.attribute_elastic.apps.ready:15 - AttributeElasticConfig
INFO 2018-12-13 23:46:25,036 apps.tests.apps.ready:15 - TestsConfig
INFO 2018-12-13 23:46:25,140 apps.data_graph.signals.post_save_handler:21 - admin
INFO 2018-12-13 23:46:25,145 apps.data_graph.signals.post_save_handler:29 - Copying model templates {'status': 'success', 'message': 'created: 0, failed: 0'} 
INFO 2018-12-13 23:46:25,153 apps.data_graph.signals.post_save_handler:35 - Copying relation templates {'status': 'success', 'message': 'created: 0, failed: 0'} 
INFO 2018-12-13 23:46:26,557 apps.attribute.apps.ready:16 - AttributeConfig
INFO 2018-12-13 23:46:26,557 apps.data_graph.apps.ready:12 - DataGraphConfig
INFO 2018-12-13 23:46:26,589 apps.attribute_elastic.apps.ready:15 - AttributeElasticConfig
INFO 2018-12-13 23:46:26,590 apps.tests.apps.ready:15 - TestsConfig
INFO 2018-12-13 23:46:28,066 apps.attribute.apps.ready:16 - AttributeConfig
INFO 2018-12-13 23:46:28,067 apps.data_graph.apps.ready:12 - DataGraphConfig
INFO 2018-12-13 23:46:28,102 apps.attribute_elastic.apps.ready:15 - AttributeElasticConfig
INFO 2018-12-13 23:46:28,103 apps.tests.apps.ready:15 - TestsConfig
INFO 2018-12-13 23:46:49,199 apps.data_graph.signals.post_save_handler:21 - admin
INFO 2018-12-13 23:46:49,200 apps.data_graph.signals.post_save_handler:38 - update
